/Users/ben/alphagov/rack-geo/example/config.ru:10:in `block in <main>': uninitialized constant Rack::Geo (NameError)
	from /Users/ben/.rvm/gems/ruby-1.9.2-p180@ag-rack-geo-example/gems/rack-1.2.3/lib/rack/builder.rb:46:in `instance_eval'
	from /Users/ben/.rvm/gems/ruby-1.9.2-p180@ag-rack-geo-example/gems/rack-1.2.3/lib/rack/builder.rb:46:in `initialize'
	from /Users/ben/alphagov/rack-geo/example/config.ru:1:in `new'
	from /Users/ben/alphagov/rack-geo/example/config.ru:1:in `<main>'
	from /Users/ben/.rvm/gems/ruby-1.9.2-p180@ag-rack-geo-example/gems/rack-1.2.3/lib/rack/builder.rb:35:in `eval'
	from /Users/ben/.rvm/gems/ruby-1.9.2-p180@ag-rack-geo-example/gems/rack-1.2.3/lib/rack/builder.rb:35:in `parse_file'
	from /Users/ben/.rvm/gems/ruby-1.9.2-p180@ag-rack-geo-example/gems/rack-1.2.3/lib/rack/server.rb:162:in `app'
	from /Users/ben/.rvm/gems/ruby-1.9.2-p180@ag-rack-geo-example/gems/rack-1.2.3/lib/rack/server.rb:253:in `wrapped_app'
	from /Users/ben/.rvm/gems/ruby-1.9.2-p180@ag-rack-geo-example/gems/rack-1.2.3/lib/rack/server.rb:204:in `start'
	from /Users/ben/.rvm/gems/ruby-1.9.2-p180@ag-rack-geo-example/gems/rack-1.2.3/lib/rack/server.rb:100:in `start'
	from /Users/ben/.rvm/gems/ruby-1.9.2-p180@ag-rack-geo-example/gems/rack-1.2.3/bin/rackup:4:in `<top (required)>'
	from /Users/ben/.rvm/gems/ruby-1.9.2-p180@ag-rack-geo-example/bin/rackup:19:in `load'
	from /Users/ben/.rvm/gems/ruby-1.9.2-p180@ag-rack-geo-example/bin/rackup:19:in `<main>'
[2011-08-08 12:10:23] INFO  WEBrick 1.3.1
[2011-08-08 12:10:23] INFO  ruby 1.9.2 (2011-02-18) [x86_64-darwin10.6.0]
[2011-08-08 12:10:23] INFO  WEBrick::HTTPServer#start: pid=57334 port=9292
[2011-08-08 12:10:57] INFO  going to shutdown ...
[2011-08-08 12:10:57] INFO  WEBrick::HTTPServer#start done.
[2011-08-08 12:11:11] INFO  WEBrick 1.3.1
[2011-08-08 12:11:11] INFO  ruby 1.9.2 (2011-02-18) [x86_64-darwin10.6.0]
[2011-08-08 12:11:11] INFO  WEBrick::HTTPServer#start: pid=57377 port=9292
NameError: uninitialized constant Rack::Geo::Geogov
	/Users/ben/.rvm/gems/ruby-1.9.2-p180@ag-rack-geo-example/bundler/gems/rack-geo-251a8b076c27/lib/rack/geo.rb:111:in `extract_geo_info'
	/Users/ben/.rvm/gems/ruby-1.9.2-p180@ag-rack-geo-example/bundler/gems/rack-geo-251a8b076c27/lib/rack/geo.rb:68:in `process_geo_params'
	/Users/ben/.rvm/gems/ruby-1.9.2-p180@ag-rack-geo-example/bundler/gems/rack-geo-251a8b076c27/lib/rack/geo.rb:29:in `call'
	/Users/ben/.rvm/gems/ruby-1.9.2-p180@ag-rack-geo-example/gems/rack-1.2.3/lib/rack/lint.rb:48:in `_call'
	/Users/ben/.rvm/gems/ruby-1.9.2-p180@ag-rack-geo-example/gems/rack-1.2.3/lib/rack/lint.rb:36:in `call'
	/Users/ben/.rvm/gems/ruby-1.9.2-p180@ag-rack-geo-example/gems/rack-1.2.3/lib/rack/showexceptions.rb:24:in `call'
	/Users/ben/.rvm/gems/ruby-1.9.2-p180@ag-rack-geo-example/gems/rack-1.2.3/lib/rack/commonlogger.rb:18:in `call'
	/Users/ben/.rvm/gems/ruby-1.9.2-p180@ag-rack-geo-example/gems/rack-1.2.3/lib/rack/content_length.rb:13:in `call'
	/Users/ben/.rvm/gems/ruby-1.9.2-p180@ag-rack-geo-example/gems/rack-1.2.3/lib/rack/handler/webrick.rb:52:in `service'
	/Users/ben/.rvm/rubies/ruby-1.9.2-p180/lib/ruby/1.9.1/webrick/httpserver.rb:111:in `service'
	/Users/ben/.rvm/rubies/ruby-1.9.2-p180/lib/ruby/1.9.1/webrick/httpserver.rb:70:in `run'
	/Users/ben/.rvm/rubies/ruby-1.9.2-p180/lib/ruby/1.9.1/webrick/server.rb:183:in `block in start_thread'
127.0.0.1 - - [08/Aug/2011 12:11:16] "GET / HTTP/1.1" 500 42177 0.0104
NameError: uninitialized constant Rack::Geo::Geogov
	/Users/ben/.rvm/gems/ruby-1.9.2-p180@ag-rack-geo-example/bundler/gems/rack-geo-251a8b076c27/lib/rack/geo.rb:111:in `extract_geo_info'
	/Users/ben/.rvm/gems/ruby-1.9.2-p180@ag-rack-geo-example/bundler/gems/rack-geo-251a8b076c27/lib/rack/geo.rb:68:in `process_geo_params'
	/Users/ben/.rvm/gems/ruby-1.9.2-p180@ag-rack-geo-example/bundler/gems/rack-geo-251a8b076c27/lib/rack/geo.rb:29:in `call'
	/Users/ben/.rvm/gems/ruby-1.9.2-p180@ag-rack-geo-example/gems/rack-1.2.3/lib/rack/lint.rb:48:in `_call'
	/Users/ben/.rvm/gems/ruby-1.9.2-p180@ag-rack-geo-example/gems/rack-1.2.3/lib/rack/lint.rb:36:in `call'
	/Users/ben/.rvm/gems/ruby-1.9.2-p180@ag-rack-geo-example/gems/rack-1.2.3/lib/rack/showexceptions.rb:24:in `call'
	/Users/ben/.rvm/gems/ruby-1.9.2-p180@ag-rack-geo-example/gems/rack-1.2.3/lib/rack/commonlogger.rb:18:in `call'
	/Users/ben/.rvm/gems/ruby-1.9.2-p180@ag-rack-geo-example/gems/rack-1.2.3/lib/rack/content_length.rb:13:in `call'
	/Users/ben/.rvm/gems/ruby-1.9.2-p180@ag-rack-geo-example/gems/rack-1.2.3/lib/rack/handler/webrick.rb:52:in `service'
	/Users/ben/.rvm/rubies/ruby-1.9.2-p180/lib/ruby/1.9.1/webrick/httpserver.rb:111:in `service'
	/Users/ben/.rvm/rubies/ruby-1.9.2-p180/lib/ruby/1.9.1/webrick/httpserver.rb:70:in `run'
	/Users/ben/.rvm/rubies/ruby-1.9.2-p180/lib/ruby/1.9.1/webrick/server.rb:183:in `block in start_thread'
127.0.0.1 - - [08/Aug/2011 12:11:16] "GET /favicon.ico HTTP/1.1" 500 42172 0.0109
[2011-08-08 12:11:59] INFO  going to shutdown ...
[2011-08-08 12:11:59] INFO  WEBrick::HTTPServer#start done.
[2011-08-08 12:12:06] INFO  WEBrick 1.3.1
[2011-08-08 12:12:06] INFO  ruby 1.9.2 (2011-02-18) [x86_64-darwin10.6.0]
[2011-08-08 12:12:06] INFO  WEBrick::HTTPServer#start: pid=57402 port=9292
NameError: uninitialized constant Rack::Geo::Geogov
	/Users/ben/alphagov/rack-geo/lib/rack/geo.rb:116:in `extract_geo_info'
	/Users/ben/alphagov/rack-geo/lib/rack/geo.rb:73:in `process_geo_params'
	/Users/ben/alphagov/rack-geo/lib/rack/geo.rb:34:in `call'
	/Users/ben/.rvm/gems/ruby-1.9.2-p180@ag-rack-geo-example/gems/rack-1.2.3/lib/rack/lint.rb:48:in `_call'
	/Users/ben/.rvm/gems/ruby-1.9.2-p180@ag-rack-geo-example/gems/rack-1.2.3/lib/rack/lint.rb:36:in `call'
	/Users/ben/.rvm/gems/ruby-1.9.2-p180@ag-rack-geo-example/gems/rack-1.2.3/lib/rack/showexceptions.rb:24:in `call'
	/Users/ben/.rvm/gems/ruby-1.9.2-p180@ag-rack-geo-example/gems/rack-1.2.3/lib/rack/commonlogger.rb:18:in `call'
	/Users/ben/.rvm/gems/ruby-1.9.2-p180@ag-rack-geo-example/gems/rack-1.2.3/lib/rack/content_length.rb:13:in `call'
	/Users/ben/.rvm/gems/ruby-1.9.2-p180@ag-rack-geo-example/gems/rack-1.2.3/lib/rack/handler/webrick.rb:52:in `service'
	/Users/ben/.rvm/rubies/ruby-1.9.2-p180/lib/ruby/1.9.1/webrick/httpserver.rb:111:in `service'
	/Users/ben/.rvm/rubies/ruby-1.9.2-p180/lib/ruby/1.9.1/webrick/httpserver.rb:70:in `run'
	/Users/ben/.rvm/rubies/ruby-1.9.2-p180/lib/ruby/1.9.1/webrick/server.rb:183:in `block in start_thread'
127.0.0.1 - - [08/Aug/2011 12:12:10] "GET / HTTP/1.1" 500 42118 0.0095
NameError: uninitialized constant Rack::Geo::Geogov
	/Users/ben/alphagov/rack-geo/lib/rack/geo.rb:116:in `extract_geo_info'
	/Users/ben/alphagov/rack-geo/lib/rack/geo.rb:73:in `process_geo_params'
	/Users/ben/alphagov/rack-geo/lib/rack/geo.rb:34:in `call'
	/Users/ben/.rvm/gems/ruby-1.9.2-p180@ag-rack-geo-example/gems/rack-1.2.3/lib/rack/lint.rb:48:in `_call'
	/Users/ben/.rvm/gems/ruby-1.9.2-p180@ag-rack-geo-example/gems/rack-1.2.3/lib/rack/lint.rb:36:in `call'
	/Users/ben/.rvm/gems/ruby-1.9.2-p180@ag-rack-geo-example/gems/rack-1.2.3/lib/rack/showexceptions.rb:24:in `call'
	/Users/ben/.rvm/gems/ruby-1.9.2-p180@ag-rack-geo-example/gems/rack-1.2.3/lib/rack/commonlogger.rb:18:in `call'
	/Users/ben/.rvm/gems/ruby-1.9.2-p180@ag-rack-geo-example/gems/rack-1.2.3/lib/rack/content_length.rb:13:in `call'
	/Users/ben/.rvm/gems/ruby-1.9.2-p180@ag-rack-geo-example/gems/rack-1.2.3/lib/rack/handler/webrick.rb:52:in `service'
	/Users/ben/.rvm/rubies/ruby-1.9.2-p180/lib/ruby/1.9.1/webrick/httpserver.rb:111:in `service'
	/Users/ben/.rvm/rubies/ruby-1.9.2-p180/lib/ruby/1.9.1/webrick/httpserver.rb:70:in `run'
	/Users/ben/.rvm/rubies/ruby-1.9.2-p180/lib/ruby/1.9.1/webrick/server.rb:183:in `block in start_thread'
127.0.0.1 - - [08/Aug/2011 12:12:10] "GET /favicon.ico HTTP/1.1" 500 41976 0.0099
NameError: uninitialized constant Rack::Geo::Geogov
	/Users/ben/alphagov/rack-geo/lib/rack/geo.rb:116:in `extract_geo_info'
	/Users/ben/alphagov/rack-geo/lib/rack/geo.rb:73:in `process_geo_params'
	/Users/ben/alphagov/rack-geo/lib/rack/geo.rb:34:in `call'
	/Users/ben/.rvm/gems/ruby-1.9.2-p180@ag-rack-geo-example/gems/rack-1.2.3/lib/rack/lint.rb:48:in `_call'
	/Users/ben/.rvm/gems/ruby-1.9.2-p180@ag-rack-geo-example/gems/rack-1.2.3/lib/rack/lint.rb:36:in `call'
	/Users/ben/.rvm/gems/ruby-1.9.2-p180@ag-rack-geo-example/gems/rack-1.2.3/lib/rack/showexceptions.rb:24:in `call'
	/Users/ben/.rvm/gems/ruby-1.9.2-p180@ag-rack-geo-example/gems/rack-1.2.3/lib/rack/commonlogger.rb:18:in `call'
	/Users/ben/.rvm/gems/ruby-1.9.2-p180@ag-rack-geo-example/gems/rack-1.2.3/lib/rack/content_length.rb:13:in `call'
	/Users/ben/.rvm/gems/ruby-1.9.2-p180@ag-rack-geo-example/gems/rack-1.2.3/lib/rack/handler/webrick.rb:52:in `service'
	/Users/ben/.rvm/rubies/ruby-1.9.2-p180/lib/ruby/1.9.1/webrick/httpserver.rb:111:in `service'
	/Users/ben/.rvm/rubies/ruby-1.9.2-p180/lib/ruby/1.9.1/webrick/httpserver.rb:70:in `run'
	/Users/ben/.rvm/rubies/ruby-1.9.2-p180/lib/ruby/1.9.1/webrick/server.rb:183:in `block in start_thread'
127.0.0.1 - - [08/Aug/2011 12:12:11] "GET / HTTP/1.1" 500 42118 0.0201
NameError: uninitialized constant Rack::Geo::Geogov
	/Users/ben/alphagov/rack-geo/lib/rack/geo.rb:116:in `extract_geo_info'
	/Users/ben/alphagov/rack-geo/lib/rack/geo.rb:73:in `process_geo_params'
	/Users/ben/alphagov/rack-geo/lib/rack/geo.rb:34:in `call'
	/Users/ben/.rvm/gems/ruby-1.9.2-p180@ag-rack-geo-example/gems/rack-1.2.3/lib/rack/lint.rb:48:in `_call'
	/Users/ben/.rvm/gems/ruby-1.9.2-p180@ag-rack-geo-example/gems/rack-1.2.3/lib/rack/lint.rb:36:in `call'
	/Users/ben/.rvm/gems/ruby-1.9.2-p180@ag-rack-geo-example/gems/rack-1.2.3/lib/rack/showexceptions.rb:24:in `call'
	/Users/ben/.rvm/gems/ruby-1.9.2-p180@ag-rack-geo-example/gems/rack-1.2.3/lib/rack/commonlogger.rb:18:in `call'
	/Users/ben/.rvm/gems/ruby-1.9.2-p180@ag-rack-geo-example/gems/rack-1.2.3/lib/rack/content_length.rb:13:in `call'
	/Users/ben/.rvm/gems/ruby-1.9.2-p180@ag-rack-geo-example/gems/rack-1.2.3/lib/rack/handler/webrick.rb:52:in `service'
	/Users/ben/.rvm/rubies/ruby-1.9.2-p180/lib/ruby/1.9.1/webrick/httpserver.rb:111:in `service'
	/Users/ben/.rvm/rubies/ruby-1.9.2-p180/lib/ruby/1.9.1/webrick/httpserver.rb:70:in `run'
	/Users/ben/.rvm/rubies/ruby-1.9.2-p180/lib/ruby/1.9.1/webrick/server.rb:183:in `block in start_thread'
127.0.0.1 - - [08/Aug/2011 12:12:11] "GET /favicon.ico HTTP/1.1" 500 41976 0.0099
NameError: uninitialized constant Rack::Geo::Geogov
	/Users/ben/alphagov/rack-geo/lib/rack/geo.rb:116:in `extract_geo_info'
	/Users/ben/alphagov/rack-geo/lib/rack/geo.rb:73:in `process_geo_params'
	/Users/ben/alphagov/rack-geo/lib/rack/geo.rb:34:in `call'
	/Users/ben/.rvm/gems/ruby-1.9.2-p180@ag-rack-geo-example/gems/rack-1.2.3/lib/rack/lint.rb:48:in `_call'
	/Users/ben/.rvm/gems/ruby-1.9.2-p180@ag-rack-geo-example/gems/rack-1.2.3/lib/rack/lint.rb:36:in `call'
	/Users/ben/.rvm/gems/ruby-1.9.2-p180@ag-rack-geo-example/gems/rack-1.2.3/lib/rack/showexceptions.rb:24:in `call'
	/Users/ben/.rvm/gems/ruby-1.9.2-p180@ag-rack-geo-example/gems/rack-1.2.3/lib/rack/commonlogger.rb:18:in `call'
	/Users/ben/.rvm/gems/ruby-1.9.2-p180@ag-rack-geo-example/gems/rack-1.2.3/lib/rack/content_length.rb:13:in `call'
	/Users/ben/.rvm/gems/ruby-1.9.2-p180@ag-rack-geo-example/gems/rack-1.2.3/lib/rack/handler/webrick.rb:52:in `service'
	/Users/ben/.rvm/rubies/ruby-1.9.2-p180/lib/ruby/1.9.1/webrick/httpserver.rb:111:in `service'
	/Users/ben/.rvm/rubies/ruby-1.9.2-p180/lib/ruby/1.9.1/webrick/httpserver.rb:70:in `run'
	/Users/ben/.rvm/rubies/ruby-1.9.2-p180/lib/ruby/1.9.1/webrick/server.rb:183:in `block in start_thread'
127.0.0.1 - - [08/Aug/2011 12:12:11] "GET / HTTP/1.1" 500 42118 0.0089
NameError: uninitialized constant Rack::Geo::Geogov
	/Users/ben/alphagov/rack-geo/lib/rack/geo.rb:116:in `extract_geo_info'
	/Users/ben/alphagov/rack-geo/lib/rack/geo.rb:73:in `process_geo_params'
	/Users/ben/alphagov/rack-geo/lib/rack/geo.rb:34:in `call'
	/Users/ben/.rvm/gems/ruby-1.9.2-p180@ag-rack-geo-example/gems/rack-1.2.3/lib/rack/lint.rb:48:in `_call'
	/Users/ben/.rvm/gems/ruby-1.9.2-p180@ag-rack-geo-example/gems/rack-1.2.3/lib/rack/lint.rb:36:in `call'
	/Users/ben/.rvm/gems/ruby-1.9.2-p180@ag-rack-geo-example/gems/rack-1.2.3/lib/rack/showexceptions.rb:24:in `call'
	/Users/ben/.rvm/gems/ruby-1.9.2-p180@ag-rack-geo-example/gems/rack-1.2.3/lib/rack/commonlogger.rb:18:in `call'
	/Users/ben/.rvm/gems/ruby-1.9.2-p180@ag-rack-geo-example/gems/rack-1.2.3/lib/rack/content_length.rb:13:in `call'
	/Users/ben/.rvm/gems/ruby-1.9.2-p180@ag-rack-geo-example/gems/rack-1.2.3/lib/rack/handler/webrick.rb:52:in `service'
	/Users/ben/.rvm/rubies/ruby-1.9.2-p180/lib/ruby/1.9.1/webrick/httpserver.rb:111:in `service'
	/Users/ben/.rvm/rubies/ruby-1.9.2-p180/lib/ruby/1.9.1/webrick/httpserver.rb:70:in `run'
	/Users/ben/.rvm/rubies/ruby-1.9.2-p180/lib/ruby/1.9.1/webrick/server.rb:183:in `block in start_thread'
127.0.0.1 - - [08/Aug/2011 12:12:12] "GET /favicon.ico HTTP/1.1" 500 41976 0.0100
NameError: uninitialized constant Rack::Geo::Geogov
	/Users/ben/alphagov/rack-geo/lib/rack/geo.rb:116:in `extract_geo_info'
	/Users/ben/alphagov/rack-geo/lib/rack/geo.rb:73:in `process_geo_params'
	/Users/ben/alphagov/rack-geo/lib/rack/geo.rb:34:in `call'
	/Users/ben/.rvm/gems/ruby-1.9.2-p180@ag-rack-geo-example/gems/rack-1.2.3/lib/rack/lint.rb:48:in `_call'
	/Users/ben/.rvm/gems/ruby-1.9.2-p180@ag-rack-geo-example/gems/rack-1.2.3/lib/rack/lint.rb:36:in `call'
	/Users/ben/.rvm/gems/ruby-1.9.2-p180@ag-rack-geo-example/gems/rack-1.2.3/lib/rack/showexceptions.rb:24:in `call'
	/Users/ben/.rvm/gems/ruby-1.9.2-p180@ag-rack-geo-example/gems/rack-1.2.3/lib/rack/commonlogger.rb:18:in `call'
	/Users/ben/.rvm/gems/ruby-1.9.2-p180@ag-rack-geo-example/gems/rack-1.2.3/lib/rack/content_length.rb:13:in `call'
	/Users/ben/.rvm/gems/ruby-1.9.2-p180@ag-rack-geo-example/gems/rack-1.2.3/lib/rack/handler/webrick.rb:52:in `service'
	/Users/ben/.rvm/rubies/ruby-1.9.2-p180/lib/ruby/1.9.1/webrick/httpserver.rb:111:in `service'
	/Users/ben/.rvm/rubies/ruby-1.9.2-p180/lib/ruby/1.9.1/webrick/httpserver.rb:70:in `run'
	/Users/ben/.rvm/rubies/ruby-1.9.2-p180/lib/ruby/1.9.1/webrick/server.rb:183:in `block in start_thread'
127.0.0.1 - - [08/Aug/2011 12:12:12] "GET / HTTP/1.1" 500 42118 0.0090
NameError: uninitialized constant Rack::Geo::Geogov
	/Users/ben/alphagov/rack-geo/lib/rack/geo.rb:116:in `extract_geo_info'
	/Users/ben/alphagov/rack-geo/lib/rack/geo.rb:73:in `process_geo_params'
	/Users/ben/alphagov/rack-geo/lib/rack/geo.rb:34:in `call'
	/Users/ben/.rvm/gems/ruby-1.9.2-p180@ag-rack-geo-example/gems/rack-1.2.3/lib/rack/lint.rb:48:in `_call'
	/Users/ben/.rvm/gems/ruby-1.9.2-p180@ag-rack-geo-example/gems/rack-1.2.3/lib/rack/lint.rb:36:in `call'
	/Users/ben/.rvm/gems/ruby-1.9.2-p180@ag-rack-geo-example/gems/rack-1.2.3/lib/rack/showexceptions.rb:24:in `call'
	/Users/ben/.rvm/gems/ruby-1.9.2-p180@ag-rack-geo-example/gems/rack-1.2.3/lib/rack/commonlogger.rb:18:in `call'
	/Users/ben/.rvm/gems/ruby-1.9.2-p180@ag-rack-geo-example/gems/rack-1.2.3/lib/rack/content_length.rb:13:in `call'
	/Users/ben/.rvm/gems/ruby-1.9.2-p180@ag-rack-geo-example/gems/rack-1.2.3/lib/rack/handler/webrick.rb:52:in `service'
	/Users/ben/.rvm/rubies/ruby-1.9.2-p180/lib/ruby/1.9.1/webrick/httpserver.rb:111:in `service'
	/Users/ben/.rvm/rubies/ruby-1.9.2-p180/lib/ruby/1.9.1/webrick/httpserver.rb:70:in `run'
	/Users/ben/.rvm/rubies/ruby-1.9.2-p180/lib/ruby/1.9.1/webrick/server.rb:183:in `block in start_thread'
127.0.0.1 - - [08/Aug/2011 12:12:12] "GET /favicon.ico HTTP/1.1" 500 41976 0.0245
NameError: uninitialized constant Rack::Geo::Geogov
	/Users/ben/alphagov/rack-geo/lib/rack/geo.rb:116:in `extract_geo_info'
	/Users/ben/alphagov/rack-geo/lib/rack/geo.rb:73:in `process_geo_params'
	/Users/ben/alphagov/rack-geo/lib/rack/geo.rb:34:in `call'
	/Users/ben/.rvm/gems/ruby-1.9.2-p180@ag-rack-geo-example/gems/rack-1.2.3/lib/rack/lint.rb:48:in `_call'
	/Users/ben/.rvm/gems/ruby-1.9.2-p180@ag-rack-geo-example/gems/rack-1.2.3/lib/rack/lint.rb:36:in `call'
	/Users/ben/.rvm/gems/ruby-1.9.2-p180@ag-rack-geo-example/gems/rack-1.2.3/lib/rack/showexceptions.rb:24:in `call'
	/Users/ben/.rvm/gems/ruby-1.9.2-p180@ag-rack-geo-example/gems/rack-1.2.3/lib/rack/commonlogger.rb:18:in `call'
	/Users/ben/.rvm/gems/ruby-1.9.2-p180@ag-rack-geo-example/gems/rack-1.2.3/lib/rack/content_length.rb:13:in `call'
	/Users/ben/.rvm/gems/ruby-1.9.2-p180@ag-rack-geo-example/gems/rack-1.2.3/lib/rack/handler/webrick.rb:52:in `service'
	/Users/ben/.rvm/rubies/ruby-1.9.2-p180/lib/ruby/1.9.1/webrick/httpserver.rb:111:in `service'
	/Users/ben/.rvm/rubies/ruby-1.9.2-p180/lib/ruby/1.9.1/webrick/httpserver.rb:70:in `run'
	/Users/ben/.rvm/rubies/ruby-1.9.2-p180/lib/ruby/1.9.1/webrick/server.rb:183:in `block in start_thread'
127.0.0.1 - - [08/Aug/2011 12:12:13] "GET / HTTP/1.1" 500 42118 0.0090
NameError: uninitialized constant Rack::Geo::Geogov
	/Users/ben/alphagov/rack-geo/lib/rack/geo.rb:116:in `extract_geo_info'
	/Users/ben/alphagov/rack-geo/lib/rack/geo.rb:73:in `process_geo_params'
	/Users/ben/alphagov/rack-geo/lib/rack/geo.rb:34:in `call'
	/Users/ben/.rvm/gems/ruby-1.9.2-p180@ag-rack-geo-example/gems/rack-1.2.3/lib/rack/lint.rb:48:in `_call'
	/Users/ben/.rvm/gems/ruby-1.9.2-p180@ag-rack-geo-example/gems/rack-1.2.3/lib/rack/lint.rb:36:in `call'
	/Users/ben/.rvm/gems/ruby-1.9.2-p180@ag-rack-geo-example/gems/rack-1.2.3/lib/rack/showexceptions.rb:24:in `call'
	/Users/ben/.rvm/gems/ruby-1.9.2-p180@ag-rack-geo-example/gems/rack-1.2.3/lib/rack/commonlogger.rb:18:in `call'
	/Users/ben/.rvm/gems/ruby-1.9.2-p180@ag-rack-geo-example/gems/rack-1.2.3/lib/rack/content_length.rb:13:in `call'
	/Users/ben/.rvm/gems/ruby-1.9.2-p180@ag-rack-geo-example/gems/rack-1.2.3/lib/rack/handler/webrick.rb:52:in `service'
	/Users/ben/.rvm/rubies/ruby-1.9.2-p180/lib/ruby/1.9.1/webrick/httpserver.rb:111:in `service'
	/Users/ben/.rvm/rubies/ruby-1.9.2-p180/lib/ruby/1.9.1/webrick/httpserver.rb:70:in `run'
	/Users/ben/.rvm/rubies/ruby-1.9.2-p180/lib/ruby/1.9.1/webrick/server.rb:183:in `block in start_thread'
127.0.0.1 - - [08/Aug/2011 12:12:13] "GET /favicon.ico HTTP/1.1" 500 41976 0.0087
NameError: uninitialized constant Rack::Geo::Geogov
	/Users/ben/alphagov/rack-geo/lib/rack/geo.rb:116:in `extract_geo_info'
	/Users/ben/alphagov/rack-geo/lib/rack/geo.rb:73:in `process_geo_params'
	/Users/ben/alphagov/rack-geo/lib/rack/geo.rb:34:in `call'
	/Users/ben/.rvm/gems/ruby-1.9.2-p180@ag-rack-geo-example/gems/rack-1.2.3/lib/rack/lint.rb:48:in `_call'
	/Users/ben/.rvm/gems/ruby-1.9.2-p180@ag-rack-geo-example/gems/rack-1.2.3/lib/rack/lint.rb:36:in `call'
	/Users/ben/.rvm/gems/ruby-1.9.2-p180@ag-rack-geo-example/gems/rack-1.2.3/lib/rack/showexceptions.rb:24:in `call'
	/Users/ben/.rvm/gems/ruby-1.9.2-p180@ag-rack-geo-example/gems/rack-1.2.3/lib/rack/commonlogger.rb:18:in `call'
	/Users/ben/.rvm/gems/ruby-1.9.2-p180@ag-rack-geo-example/gems/rack-1.2.3/lib/rack/content_length.rb:13:in `call'
	/Users/ben/.rvm/gems/ruby-1.9.2-p180@ag-rack-geo-example/gems/rack-1.2.3/lib/rack/handler/webrick.rb:52:in `service'
	/Users/ben/.rvm/rubies/ruby-1.9.2-p180/lib/ruby/1.9.1/webrick/httpserver.rb:111:in `service'
	/Users/ben/.rvm/rubies/ruby-1.9.2-p180/lib/ruby/1.9.1/webrick/httpserver.rb:70:in `run'
	/Users/ben/.rvm/rubies/ruby-1.9.2-p180/lib/ruby/1.9.1/webrick/server.rb:183:in `block in start_thread'
127.0.0.1 - - [08/Aug/2011 12:12:13] "GET / HTTP/1.1" 500 42118 0.0094
NameError: uninitialized constant Rack::Geo::Geogov
	/Users/ben/alphagov/rack-geo/lib/rack/geo.rb:116:in `extract_geo_info'
	/Users/ben/alphagov/rack-geo/lib/rack/geo.rb:73:in `process_geo_params'
	/Users/ben/alphagov/rack-geo/lib/rack/geo.rb:34:in `call'
	/Users/ben/.rvm/gems/ruby-1.9.2-p180@ag-rack-geo-example/gems/rack-1.2.3/lib/rack/lint.rb:48:in `_call'
	/Users/ben/.rvm/gems/ruby-1.9.2-p180@ag-rack-geo-example/gems/rack-1.2.3/lib/rack/lint.rb:36:in `call'
	/Users/ben/.rvm/gems/ruby-1.9.2-p180@ag-rack-geo-example/gems/rack-1.2.3/lib/rack/showexceptions.rb:24:in `call'
	/Users/ben/.rvm/gems/ruby-1.9.2-p180@ag-rack-geo-example/gems/rack-1.2.3/lib/rack/commonlogger.rb:18:in `call'
	/Users/ben/.rvm/gems/ruby-1.9.2-p180@ag-rack-geo-example/gems/rack-1.2.3/lib/rack/content_length.rb:13:in `call'
	/Users/ben/.rvm/gems/ruby-1.9.2-p180@ag-rack-geo-example/gems/rack-1.2.3/lib/rack/handler/webrick.rb:52:in `service'
	/Users/ben/.rvm/rubies/ruby-1.9.2-p180/lib/ruby/1.9.1/webrick/httpserver.rb:111:in `service'
	/Users/ben/.rvm/rubies/ruby-1.9.2-p180/lib/ruby/1.9.1/webrick/httpserver.rb:70:in `run'
	/Users/ben/.rvm/rubies/ruby-1.9.2-p180/lib/ruby/1.9.1/webrick/server.rb:183:in `block in start_thread'
127.0.0.1 - - [08/Aug/2011 12:12:14] "GET /favicon.ico HTTP/1.1" 500 41976 0.0091
NameError: uninitialized constant Rack::Geo::Geogov
	/Users/ben/alphagov/rack-geo/lib/rack/geo.rb:116:in `extract_geo_info'
	/Users/ben/alphagov/rack-geo/lib/rack/geo.rb:73:in `process_geo_params'
	/Users/ben/alphagov/rack-geo/lib/rack/geo.rb:34:in `call'
	/Users/ben/.rvm/gems/ruby-1.9.2-p180@ag-rack-geo-example/gems/rack-1.2.3/lib/rack/lint.rb:48:in `_call'
	/Users/ben/.rvm/gems/ruby-1.9.2-p180@ag-rack-geo-example/gems/rack-1.2.3/lib/rack/lint.rb:36:in `call'
	/Users/ben/.rvm/gems/ruby-1.9.2-p180@ag-rack-geo-example/gems/rack-1.2.3/lib/rack/showexceptions.rb:24:in `call'
	/Users/ben/.rvm/gems/ruby-1.9.2-p180@ag-rack-geo-example/gems/rack-1.2.3/lib/rack/commonlogger.rb:18:in `call'
	/Users/ben/.rvm/gems/ruby-1.9.2-p180@ag-rack-geo-example/gems/rack-1.2.3/lib/rack/content_length.rb:13:in `call'
	/Users/ben/.rvm/gems/ruby-1.9.2-p180@ag-rack-geo-example/gems/rack-1.2.3/lib/rack/handler/webrick.rb:52:in `service'
	/Users/ben/.rvm/rubies/ruby-1.9.2-p180/lib/ruby/1.9.1/webrick/httpserver.rb:111:in `service'
	/Users/ben/.rvm/rubies/ruby-1.9.2-p180/lib/ruby/1.9.1/webrick/httpserver.rb:70:in `run'
	/Users/ben/.rvm/rubies/ruby-1.9.2-p180/lib/ruby/1.9.1/webrick/server.rb:183:in `block in start_thread'
127.0.0.1 - - [08/Aug/2011 12:12:14] "GET / HTTP/1.1" 500 42118 0.0208
NameError: uninitialized constant Rack::Geo::Geogov
	/Users/ben/alphagov/rack-geo/lib/rack/geo.rb:116:in `extract_geo_info'
	/Users/ben/alphagov/rack-geo/lib/rack/geo.rb:73:in `process_geo_params'
	/Users/ben/alphagov/rack-geo/lib/rack/geo.rb:34:in `call'
	/Users/ben/.rvm/gems/ruby-1.9.2-p180@ag-rack-geo-example/gems/rack-1.2.3/lib/rack/lint.rb:48:in `_call'
	/Users/ben/.rvm/gems/ruby-1.9.2-p180@ag-rack-geo-example/gems/rack-1.2.3/lib/rack/lint.rb:36:in `call'
	/Users/ben/.rvm/gems/ruby-1.9.2-p180@ag-rack-geo-example/gems/rack-1.2.3/lib/rack/showexceptions.rb:24:in `call'
	/Users/ben/.rvm/gems/ruby-1.9.2-p180@ag-rack-geo-example/gems/rack-1.2.3/lib/rack/commonlogger.rb:18:in `call'
	/Users/ben/.rvm/gems/ruby-1.9.2-p180@ag-rack-geo-example/gems/rack-1.2.3/lib/rack/content_length.rb:13:in `call'
	/Users/ben/.rvm/gems/ruby-1.9.2-p180@ag-rack-geo-example/gems/rack-1.2.3/lib/rack/handler/webrick.rb:52:in `service'
	/Users/ben/.rvm/rubies/ruby-1.9.2-p180/lib/ruby/1.9.1/webrick/httpserver.rb:111:in `service'
	/Users/ben/.rvm/rubies/ruby-1.9.2-p180/lib/ruby/1.9.1/webrick/httpserver.rb:70:in `run'
	/Users/ben/.rvm/rubies/ruby-1.9.2-p180/lib/ruby/1.9.1/webrick/server.rb:183:in `block in start_thread'
127.0.0.1 - - [08/Aug/2011 12:12:14] "GET /favicon.ico HTTP/1.1" 500 41976 0.0096
NameError: uninitialized constant Rack::Geo::Geogov
	/Users/ben/alphagov/rack-geo/lib/rack/geo.rb:116:in `extract_geo_info'
	/Users/ben/alphagov/rack-geo/lib/rack/geo.rb:73:in `process_geo_params'
	/Users/ben/alphagov/rack-geo/lib/rack/geo.rb:34:in `call'
	/Users/ben/.rvm/gems/ruby-1.9.2-p180@ag-rack-geo-example/gems/rack-1.2.3/lib/rack/lint.rb:48:in `_call'
	/Users/ben/.rvm/gems/ruby-1.9.2-p180@ag-rack-geo-example/gems/rack-1.2.3/lib/rack/lint.rb:36:in `call'
	/Users/ben/.rvm/gems/ruby-1.9.2-p180@ag-rack-geo-example/gems/rack-1.2.3/lib/rack/showexceptions.rb:24:in `call'
	/Users/ben/.rvm/gems/ruby-1.9.2-p180@ag-rack-geo-example/gems/rack-1.2.3/lib/rack/commonlogger.rb:18:in `call'
	/Users/ben/.rvm/gems/ruby-1.9.2-p180@ag-rack-geo-example/gems/rack-1.2.3/lib/rack/content_length.rb:13:in `call'
	/Users/ben/.rvm/gems/ruby-1.9.2-p180@ag-rack-geo-example/gems/rack-1.2.3/lib/rack/handler/webrick.rb:52:in `service'
	/Users/ben/.rvm/rubies/ruby-1.9.2-p180/lib/ruby/1.9.1/webrick/httpserver.rb:111:in `service'
	/Users/ben/.rvm/rubies/ruby-1.9.2-p180/lib/ruby/1.9.1/webrick/httpserver.rb:70:in `run'
	/Users/ben/.rvm/rubies/ruby-1.9.2-p180/lib/ruby/1.9.1/webrick/server.rb:183:in `block in start_thread'
127.0.0.1 - - [08/Aug/2011 12:12:15] "GET / HTTP/1.1" 500 42118 0.0089
NameError: uninitialized constant Rack::Geo::Geogov
	/Users/ben/alphagov/rack-geo/lib/rack/geo.rb:116:in `extract_geo_info'
	/Users/ben/alphagov/rack-geo/lib/rack/geo.rb:73:in `process_geo_params'
	/Users/ben/alphagov/rack-geo/lib/rack/geo.rb:34:in `call'
	/Users/ben/.rvm/gems/ruby-1.9.2-p180@ag-rack-geo-example/gems/rack-1.2.3/lib/rack/lint.rb:48:in `_call'
	/Users/ben/.rvm/gems/ruby-1.9.2-p180@ag-rack-geo-example/gems/rack-1.2.3/lib/rack/lint.rb:36:in `call'
	/Users/ben/.rvm/gems/ruby-1.9.2-p180@ag-rack-geo-example/gems/rack-1.2.3/lib/rack/showexceptions.rb:24:in `call'
	/Users/ben/.rvm/gems/ruby-1.9.2-p180@ag-rack-geo-example/gems/rack-1.2.3/lib/rack/commonlogger.rb:18:in `call'
	/Users/ben/.rvm/gems/ruby-1.9.2-p180@ag-rack-geo-example/gems/rack-1.2.3/lib/rack/content_length.rb:13:in `call'
	/Users/ben/.rvm/gems/ruby-1.9.2-p180@ag-rack-geo-example/gems/rack-1.2.3/lib/rack/handler/webrick.rb:52:in `service'
	/Users/ben/.rvm/rubies/ruby-1.9.2-p180/lib/ruby/1.9.1/webrick/httpserver.rb:111:in `service'
	/Users/ben/.rvm/rubies/ruby-1.9.2-p180/lib/ruby/1.9.1/webrick/httpserver.rb:70:in `run'
	/Users/ben/.rvm/rubies/ruby-1.9.2-p180/lib/ruby/1.9.1/webrick/server.rb:183:in `block in start_thread'
127.0.0.1 - - [08/Aug/2011 12:12:15] "GET /favicon.ico HTTP/1.1" 500 41976 0.0085
NameError: uninitialized constant Rack::Geo::Geogov
	/Users/ben/alphagov/rack-geo/lib/rack/geo.rb:116:in `extract_geo_info'
	/Users/ben/alphagov/rack-geo/lib/rack/geo.rb:73:in `process_geo_params'
	/Users/ben/alphagov/rack-geo/lib/rack/geo.rb:34:in `call'
	/Users/ben/.rvm/gems/ruby-1.9.2-p180@ag-rack-geo-example/gems/rack-1.2.3/lib/rack/lint.rb:48:in `_call'
	/Users/ben/.rvm/gems/ruby-1.9.2-p180@ag-rack-geo-example/gems/rack-1.2.3/lib/rack/lint.rb:36:in `call'
	/Users/ben/.rvm/gems/ruby-1.9.2-p180@ag-rack-geo-example/gems/rack-1.2.3/lib/rack/showexceptions.rb:24:in `call'
	/Users/ben/.rvm/gems/ruby-1.9.2-p180@ag-rack-geo-example/gems/rack-1.2.3/lib/rack/commonlogger.rb:18:in `call'
	/Users/ben/.rvm/gems/ruby-1.9.2-p180@ag-rack-geo-example/gems/rack-1.2.3/lib/rack/content_length.rb:13:in `call'
	/Users/ben/.rvm/gems/ruby-1.9.2-p180@ag-rack-geo-example/gems/rack-1.2.3/lib/rack/handler/webrick.rb:52:in `service'
	/Users/ben/.rvm/rubies/ruby-1.9.2-p180/lib/ruby/1.9.1/webrick/httpserver.rb:111:in `service'
	/Users/ben/.rvm/rubies/ruby-1.9.2-p180/lib/ruby/1.9.1/webrick/httpserver.rb:70:in `run'
	/Users/ben/.rvm/rubies/ruby-1.9.2-p180/lib/ruby/1.9.1/webrick/server.rb:183:in `block in start_thread'
127.0.0.1 - - [08/Aug/2011 12:12:18] "GET / HTTP/1.1" 500 42118 0.0090
NameError: uninitialized constant Rack::Geo::Geogov
	/Users/ben/alphagov/rack-geo/lib/rack/geo.rb:116:in `extract_geo_info'
	/Users/ben/alphagov/rack-geo/lib/rack/geo.rb:73:in `process_geo_params'
	/Users/ben/alphagov/rack-geo/lib/rack/geo.rb:34:in `call'
	/Users/ben/.rvm/gems/ruby-1.9.2-p180@ag-rack-geo-example/gems/rack-1.2.3/lib/rack/lint.rb:48:in `_call'
	/Users/ben/.rvm/gems/ruby-1.9.2-p180@ag-rack-geo-example/gems/rack-1.2.3/lib/rack/lint.rb:36:in `call'
	/Users/ben/.rvm/gems/ruby-1.9.2-p180@ag-rack-geo-example/gems/rack-1.2.3/lib/rack/showexceptions.rb:24:in `call'
	/Users/ben/.rvm/gems/ruby-1.9.2-p180@ag-rack-geo-example/gems/rack-1.2.3/lib/rack/commonlogger.rb:18:in `call'
	/Users/ben/.rvm/gems/ruby-1.9.2-p180@ag-rack-geo-example/gems/rack-1.2.3/lib/rack/content_length.rb:13:in `call'
	/Users/ben/.rvm/gems/ruby-1.9.2-p180@ag-rack-geo-example/gems/rack-1.2.3/lib/rack/handler/webrick.rb:52:in `service'
	/Users/ben/.rvm/rubies/ruby-1.9.2-p180/lib/ruby/1.9.1/webrick/httpserver.rb:111:in `service'
	/Users/ben/.rvm/rubies/ruby-1.9.2-p180/lib/ruby/1.9.1/webrick/httpserver.rb:70:in `run'
	/Users/ben/.rvm/rubies/ruby-1.9.2-p180/lib/ruby/1.9.1/webrick/server.rb:183:in `block in start_thread'
127.0.0.1 - - [08/Aug/2011 12:12:18] "GET /favicon.ico HTTP/1.1" 500 41976 0.0239
NameError: uninitialized constant Rack::Geo::Geogov
	/Users/ben/alphagov/rack-geo/lib/rack/geo.rb:116:in `extract_geo_info'
	/Users/ben/alphagov/rack-geo/lib/rack/geo.rb:73:in `process_geo_params'
	/Users/ben/alphagov/rack-geo/lib/rack/geo.rb:34:in `call'
	/Users/ben/.rvm/gems/ruby-1.9.2-p180@ag-rack-geo-example/gems/rack-1.2.3/lib/rack/lint.rb:48:in `_call'
	/Users/ben/.rvm/gems/ruby-1.9.2-p180@ag-rack-geo-example/gems/rack-1.2.3/lib/rack/lint.rb:36:in `call'
	/Users/ben/.rvm/gems/ruby-1.9.2-p180@ag-rack-geo-example/gems/rack-1.2.3/lib/rack/showexceptions.rb:24:in `call'
	/Users/ben/.rvm/gems/ruby-1.9.2-p180@ag-rack-geo-example/gems/rack-1.2.3/lib/rack/commonlogger.rb:18:in `call'
	/Users/ben/.rvm/gems/ruby-1.9.2-p180@ag-rack-geo-example/gems/rack-1.2.3/lib/rack/content_length.rb:13:in `call'
	/Users/ben/.rvm/gems/ruby-1.9.2-p180@ag-rack-geo-example/gems/rack-1.2.3/lib/rack/handler/webrick.rb:52:in `service'
	/Users/ben/.rvm/rubies/ruby-1.9.2-p180/lib/ruby/1.9.1/webrick/httpserver.rb:111:in `service'
	/Users/ben/.rvm/rubies/ruby-1.9.2-p180/lib/ruby/1.9.1/webrick/httpserver.rb:70:in `run'
	/Users/ben/.rvm/rubies/ruby-1.9.2-p180/lib/ruby/1.9.1/webrick/server.rb:183:in `block in start_thread'
127.0.0.1 - - [08/Aug/2011 12:12:19] "GET / HTTP/1.1" 500 42118 0.0088
NameError: uninitialized constant Rack::Geo::Geogov
	/Users/ben/alphagov/rack-geo/lib/rack/geo.rb:116:in `extract_geo_info'
	/Users/ben/alphagov/rack-geo/lib/rack/geo.rb:73:in `process_geo_params'
	/Users/ben/alphagov/rack-geo/lib/rack/geo.rb:34:in `call'
	/Users/ben/.rvm/gems/ruby-1.9.2-p180@ag-rack-geo-example/gems/rack-1.2.3/lib/rack/lint.rb:48:in `_call'
	/Users/ben/.rvm/gems/ruby-1.9.2-p180@ag-rack-geo-example/gems/rack-1.2.3/lib/rack/lint.rb:36:in `call'
	/Users/ben/.rvm/gems/ruby-1.9.2-p180@ag-rack-geo-example/gems/rack-1.2.3/lib/rack/showexceptions.rb:24:in `call'
	/Users/ben/.rvm/gems/ruby-1.9.2-p180@ag-rack-geo-example/gems/rack-1.2.3/lib/rack/commonlogger.rb:18:in `call'
	/Users/ben/.rvm/gems/ruby-1.9.2-p180@ag-rack-geo-example/gems/rack-1.2.3/lib/rack/content_length.rb:13:in `call'
	/Users/ben/.rvm/gems/ruby-1.9.2-p180@ag-rack-geo-example/gems/rack-1.2.3/lib/rack/handler/webrick.rb:52:in `service'
	/Users/ben/.rvm/rubies/ruby-1.9.2-p180/lib/ruby/1.9.1/webrick/httpserver.rb:111:in `service'
	/Users/ben/.rvm/rubies/ruby-1.9.2-p180/lib/ruby/1.9.1/webrick/httpserver.rb:70:in `run'
	/Users/ben/.rvm/rubies/ruby-1.9.2-p180/lib/ruby/1.9.1/webrick/server.rb:183:in `block in start_thread'
127.0.0.1 - - [08/Aug/2011 12:12:19] "GET /favicon.ico HTTP/1.1" 500 41976 0.0088
NameError: uninitialized constant Rack::Geo::Geogov
	/Users/ben/alphagov/rack-geo/lib/rack/geo.rb:116:in `extract_geo_info'
	/Users/ben/alphagov/rack-geo/lib/rack/geo.rb:73:in `process_geo_params'
	/Users/ben/alphagov/rack-geo/lib/rack/geo.rb:34:in `call'
	/Users/ben/.rvm/gems/ruby-1.9.2-p180@ag-rack-geo-example/gems/rack-1.2.3/lib/rack/lint.rb:48:in `_call'
	/Users/ben/.rvm/gems/ruby-1.9.2-p180@ag-rack-geo-example/gems/rack-1.2.3/lib/rack/lint.rb:36:in `call'
	/Users/ben/.rvm/gems/ruby-1.9.2-p180@ag-rack-geo-example/gems/rack-1.2.3/lib/rack/showexceptions.rb:24:in `call'
	/Users/ben/.rvm/gems/ruby-1.9.2-p180@ag-rack-geo-example/gems/rack-1.2.3/lib/rack/commonlogger.rb:18:in `call'
	/Users/ben/.rvm/gems/ruby-1.9.2-p180@ag-rack-geo-example/gems/rack-1.2.3/lib/rack/content_length.rb:13:in `call'
	/Users/ben/.rvm/gems/ruby-1.9.2-p180@ag-rack-geo-example/gems/rack-1.2.3/lib/rack/handler/webrick.rb:52:in `service'
	/Users/ben/.rvm/rubies/ruby-1.9.2-p180/lib/ruby/1.9.1/webrick/httpserver.rb:111:in `service'
	/Users/ben/.rvm/rubies/ruby-1.9.2-p180/lib/ruby/1.9.1/webrick/httpserver.rb:70:in `run'
	/Users/ben/.rvm/rubies/ruby-1.9.2-p180/lib/ruby/1.9.1/webrick/server.rb:183:in `block in start_thread'
127.0.0.1 - - [08/Aug/2011 12:12:19] "GET / HTTP/1.1" 500 42118 0.0088
NameError: uninitialized constant Rack::Geo::Geogov
	/Users/ben/alphagov/rack-geo/lib/rack/geo.rb:116:in `extract_geo_info'
	/Users/ben/alphagov/rack-geo/lib/rack/geo.rb:73:in `process_geo_params'
	/Users/ben/alphagov/rack-geo/lib/rack/geo.rb:34:in `call'
	/Users/ben/.rvm/gems/ruby-1.9.2-p180@ag-rack-geo-example/gems/rack-1.2.3/lib/rack/lint.rb:48:in `_call'
	/Users/ben/.rvm/gems/ruby-1.9.2-p180@ag-rack-geo-example/gems/rack-1.2.3/lib/rack/lint.rb:36:in `call'
	/Users/ben/.rvm/gems/ruby-1.9.2-p180@ag-rack-geo-example/gems/rack-1.2.3/lib/rack/showexceptions.rb:24:in `call'
	/Users/ben/.rvm/gems/ruby-1.9.2-p180@ag-rack-geo-example/gems/rack-1.2.3/lib/rack/commonlogger.rb:18:in `call'
	/Users/ben/.rvm/gems/ruby-1.9.2-p180@ag-rack-geo-example/gems/rack-1.2.3/lib/rack/content_length.rb:13:in `call'
	/Users/ben/.rvm/gems/ruby-1.9.2-p180@ag-rack-geo-example/gems/rack-1.2.3/lib/rack/handler/webrick.rb:52:in `service'
	/Users/ben/.rvm/rubies/ruby-1.9.2-p180/lib/ruby/1.9.1/webrick/httpserver.rb:111:in `service'
	/Users/ben/.rvm/rubies/ruby-1.9.2-p180/lib/ruby/1.9.1/webrick/httpserver.rb:70:in `run'
	/Users/ben/.rvm/rubies/ruby-1.9.2-p180/lib/ruby/1.9.1/webrick/server.rb:183:in `block in start_thread'
127.0.0.1 - - [08/Aug/2011 12:12:20] "GET /favicon.ico HTTP/1.1" 500 41976 0.0088
NameError: uninitialized constant Rack::Geo::Geogov
	/Users/ben/alphagov/rack-geo/lib/rack/geo.rb:116:in `extract_geo_info'
	/Users/ben/alphagov/rack-geo/lib/rack/geo.rb:73:in `process_geo_params'
	/Users/ben/alphagov/rack-geo/lib/rack/geo.rb:34:in `call'
	/Users/ben/.rvm/gems/ruby-1.9.2-p180@ag-rack-geo-example/gems/rack-1.2.3/lib/rack/lint.rb:48:in `_call'
	/Users/ben/.rvm/gems/ruby-1.9.2-p180@ag-rack-geo-example/gems/rack-1.2.3/lib/rack/lint.rb:36:in `call'
	/Users/ben/.rvm/gems/ruby-1.9.2-p180@ag-rack-geo-example/gems/rack-1.2.3/lib/rack/showexceptions.rb:24:in `call'
	/Users/ben/.rvm/gems/ruby-1.9.2-p180@ag-rack-geo-example/gems/rack-1.2.3/lib/rack/commonlogger.rb:18:in `call'
	/Users/ben/.rvm/gems/ruby-1.9.2-p180@ag-rack-geo-example/gems/rack-1.2.3/lib/rack/content_length.rb:13:in `call'
	/Users/ben/.rvm/gems/ruby-1.9.2-p180@ag-rack-geo-example/gems/rack-1.2.3/lib/rack/handler/webrick.rb:52:in `service'
	/Users/ben/.rvm/rubies/ruby-1.9.2-p180/lib/ruby/1.9.1/webrick/httpserver.rb:111:in `service'
	/Users/ben/.rvm/rubies/ruby-1.9.2-p180/lib/ruby/1.9.1/webrick/httpserver.rb:70:in `run'
	/Users/ben/.rvm/rubies/ruby-1.9.2-p180/lib/ruby/1.9.1/webrick/server.rb:183:in `block in start_thread'
127.0.0.1 - - [08/Aug/2011 12:12:20] "GET / HTTP/1.1" 500 42118 0.0207
NameError: uninitialized constant Rack::Geo::Geogov
	/Users/ben/alphagov/rack-geo/lib/rack/geo.rb:116:in `extract_geo_info'
	/Users/ben/alphagov/rack-geo/lib/rack/geo.rb:73:in `process_geo_params'
	/Users/ben/alphagov/rack-geo/lib/rack/geo.rb:34:in `call'
	/Users/ben/.rvm/gems/ruby-1.9.2-p180@ag-rack-geo-example/gems/rack-1.2.3/lib/rack/lint.rb:48:in `_call'
	/Users/ben/.rvm/gems/ruby-1.9.2-p180@ag-rack-geo-example/gems/rack-1.2.3/lib/rack/lint.rb:36:in `call'
	/Users/ben/.rvm/gems/ruby-1.9.2-p180@ag-rack-geo-example/gems/rack-1.2.3/lib/rack/showexceptions.rb:24:in `call'
	/Users/ben/.rvm/gems/ruby-1.9.2-p180@ag-rack-geo-example/gems/rack-1.2.3/lib/rack/commonlogger.rb:18:in `call'
	/Users/ben/.rvm/gems/ruby-1.9.2-p180@ag-rack-geo-example/gems/rack-1.2.3/lib/rack/content_length.rb:13:in `call'
	/Users/ben/.rvm/gems/ruby-1.9.2-p180@ag-rack-geo-example/gems/rack-1.2.3/lib/rack/handler/webrick.rb:52:in `service'
	/Users/ben/.rvm/rubies/ruby-1.9.2-p180/lib/ruby/1.9.1/webrick/httpserver.rb:111:in `service'
	/Users/ben/.rvm/rubies/ruby-1.9.2-p180/lib/ruby/1.9.1/webrick/httpserver.rb:70:in `run'
	/Users/ben/.rvm/rubies/ruby-1.9.2-p180/lib/ruby/1.9.1/webrick/server.rb:183:in `block in start_thread'
127.0.0.1 - - [08/Aug/2011 12:12:20] "GET /favicon.ico HTTP/1.1" 500 41976 0.0115
NameError: uninitialized constant Rack::Geo::Geogov
	/Users/ben/alphagov/rack-geo/lib/rack/geo.rb:116:in `extract_geo_info'
	/Users/ben/alphagov/rack-geo/lib/rack/geo.rb:73:in `process_geo_params'
	/Users/ben/alphagov/rack-geo/lib/rack/geo.rb:34:in `call'
	/Users/ben/.rvm/gems/ruby-1.9.2-p180@ag-rack-geo-example/gems/rack-1.2.3/lib/rack/lint.rb:48:in `_call'
	/Users/ben/.rvm/gems/ruby-1.9.2-p180@ag-rack-geo-example/gems/rack-1.2.3/lib/rack/lint.rb:36:in `call'
	/Users/ben/.rvm/gems/ruby-1.9.2-p180@ag-rack-geo-example/gems/rack-1.2.3/lib/rack/showexceptions.rb:24:in `call'
	/Users/ben/.rvm/gems/ruby-1.9.2-p180@ag-rack-geo-example/gems/rack-1.2.3/lib/rack/commonlogger.rb:18:in `call'
	/Users/ben/.rvm/gems/ruby-1.9.2-p180@ag-rack-geo-example/gems/rack-1.2.3/lib/rack/content_length.rb:13:in `call'
	/Users/ben/.rvm/gems/ruby-1.9.2-p180@ag-rack-geo-example/gems/rack-1.2.3/lib/rack/handler/webrick.rb:52:in `service'
	/Users/ben/.rvm/rubies/ruby-1.9.2-p180/lib/ruby/1.9.1/webrick/httpserver.rb:111:in `service'
	/Users/ben/.rvm/rubies/ruby-1.9.2-p180/lib/ruby/1.9.1/webrick/httpserver.rb:70:in `run'
	/Users/ben/.rvm/rubies/ruby-1.9.2-p180/lib/ruby/1.9.1/webrick/server.rb:183:in `block in start_thread'
127.0.0.1 - - [08/Aug/2011 12:12:20] "GET / HTTP/1.1" 500 42118 0.0084
NameError: uninitialized constant Rack::Geo::Geogov
	/Users/ben/alphagov/rack-geo/lib/rack/geo.rb:116:in `extract_geo_info'
	/Users/ben/alphagov/rack-geo/lib/rack/geo.rb:73:in `process_geo_params'
	/Users/ben/alphagov/rack-geo/lib/rack/geo.rb:34:in `call'
	/Users/ben/.rvm/gems/ruby-1.9.2-p180@ag-rack-geo-example/gems/rack-1.2.3/lib/rack/lint.rb:48:in `_call'
	/Users/ben/.rvm/gems/ruby-1.9.2-p180@ag-rack-geo-example/gems/rack-1.2.3/lib/rack/lint.rb:36:in `call'
	/Users/ben/.rvm/gems/ruby-1.9.2-p180@ag-rack-geo-example/gems/rack-1.2.3/lib/rack/showexceptions.rb:24:in `call'
	/Users/ben/.rvm/gems/ruby-1.9.2-p180@ag-rack-geo-example/gems/rack-1.2.3/lib/rack/commonlogger.rb:18:in `call'
	/Users/ben/.rvm/gems/ruby-1.9.2-p180@ag-rack-geo-example/gems/rack-1.2.3/lib/rack/content_length.rb:13:in `call'
	/Users/ben/.rvm/gems/ruby-1.9.2-p180@ag-rack-geo-example/gems/rack-1.2.3/lib/rack/handler/webrick.rb:52:in `service'
	/Users/ben/.rvm/rubies/ruby-1.9.2-p180/lib/ruby/1.9.1/webrick/httpserver.rb:111:in `service'
	/Users/ben/.rvm/rubies/ruby-1.9.2-p180/lib/ruby/1.9.1/webrick/httpserver.rb:70:in `run'
	/Users/ben/.rvm/rubies/ruby-1.9.2-p180/lib/ruby/1.9.1/webrick/server.rb:183:in `block in start_thread'
127.0.0.1 - - [08/Aug/2011 12:12:20] "GET /favicon.ico HTTP/1.1" 500 41976 0.0099
NameError: uninitialized constant Rack::Geo::Geogov
	/Users/ben/alphagov/rack-geo/lib/rack/geo.rb:116:in `extract_geo_info'
	/Users/ben/alphagov/rack-geo/lib/rack/geo.rb:73:in `process_geo_params'
	/Users/ben/alphagov/rack-geo/lib/rack/geo.rb:34:in `call'
	/Users/ben/.rvm/gems/ruby-1.9.2-p180@ag-rack-geo-example/gems/rack-1.2.3/lib/rack/lint.rb:48:in `_call'
	/Users/ben/.rvm/gems/ruby-1.9.2-p180@ag-rack-geo-example/gems/rack-1.2.3/lib/rack/lint.rb:36:in `call'
	/Users/ben/.rvm/gems/ruby-1.9.2-p180@ag-rack-geo-example/gems/rack-1.2.3/lib/rack/showexceptions.rb:24:in `call'
	/Users/ben/.rvm/gems/ruby-1.9.2-p180@ag-rack-geo-example/gems/rack-1.2.3/lib/rack/commonlogger.rb:18:in `call'
	/Users/ben/.rvm/gems/ruby-1.9.2-p180@ag-rack-geo-example/gems/rack-1.2.3/lib/rack/content_length.rb:13:in `call'
	/Users/ben/.rvm/gems/ruby-1.9.2-p180@ag-rack-geo-example/gems/rack-1.2.3/lib/rack/handler/webrick.rb:52:in `service'
	/Users/ben/.rvm/rubies/ruby-1.9.2-p180/lib/ruby/1.9.1/webrick/httpserver.rb:111:in `service'
	/Users/ben/.rvm/rubies/ruby-1.9.2-p180/lib/ruby/1.9.1/webrick/httpserver.rb:70:in `run'
	/Users/ben/.rvm/rubies/ruby-1.9.2-p180/lib/ruby/1.9.1/webrick/server.rb:183:in `block in start_thread'
127.0.0.1 - - [08/Aug/2011 12:12:20] "GET / HTTP/1.1" 500 42118 0.0085
NameError: uninitialized constant Rack::Geo::Geogov
	/Users/ben/alphagov/rack-geo/lib/rack/geo.rb:116:in `extract_geo_info'
	/Users/ben/alphagov/rack-geo/lib/rack/geo.rb:73:in `process_geo_params'
	/Users/ben/alphagov/rack-geo/lib/rack/geo.rb:34:in `call'
	/Users/ben/.rvm/gems/ruby-1.9.2-p180@ag-rack-geo-example/gems/rack-1.2.3/lib/rack/lint.rb:48:in `_call'
	/Users/ben/.rvm/gems/ruby-1.9.2-p180@ag-rack-geo-example/gems/rack-1.2.3/lib/rack/lint.rb:36:in `call'
	/Users/ben/.rvm/gems/ruby-1.9.2-p180@ag-rack-geo-example/gems/rack-1.2.3/lib/rack/showexceptions.rb:24:in `call'
	/Users/ben/.rvm/gems/ruby-1.9.2-p180@ag-rack-geo-example/gems/rack-1.2.3/lib/rack/commonlogger.rb:18:in `call'
	/Users/ben/.rvm/gems/ruby-1.9.2-p180@ag-rack-geo-example/gems/rack-1.2.3/lib/rack/content_length.rb:13:in `call'
	/Users/ben/.rvm/gems/ruby-1.9.2-p180@ag-rack-geo-example/gems/rack-1.2.3/lib/rack/handler/webrick.rb:52:in `service'
	/Users/ben/.rvm/rubies/ruby-1.9.2-p180/lib/ruby/1.9.1/webrick/httpserver.rb:111:in `service'
	/Users/ben/.rvm/rubies/ruby-1.9.2-p180/lib/ruby/1.9.1/webrick/httpserver.rb:70:in `run'
	/Users/ben/.rvm/rubies/ruby-1.9.2-p180/lib/ruby/1.9.1/webrick/server.rb:183:in `block in start_thread'
127.0.0.1 - - [08/Aug/2011 12:12:21] "GET /favicon.ico HTTP/1.1" 500 41976 0.0238
NameError: uninitialized constant Rack::Geo::Geogov
	/Users/ben/alphagov/rack-geo/lib/rack/geo.rb:116:in `extract_geo_info'
	/Users/ben/alphagov/rack-geo/lib/rack/geo.rb:73:in `process_geo_params'
	/Users/ben/alphagov/rack-geo/lib/rack/geo.rb:34:in `call'
	/Users/ben/.rvm/gems/ruby-1.9.2-p180@ag-rack-geo-example/gems/rack-1.2.3/lib/rack/lint.rb:48:in `_call'
	/Users/ben/.rvm/gems/ruby-1.9.2-p180@ag-rack-geo-example/gems/rack-1.2.3/lib/rack/lint.rb:36:in `call'
	/Users/ben/.rvm/gems/ruby-1.9.2-p180@ag-rack-geo-example/gems/rack-1.2.3/lib/rack/showexceptions.rb:24:in `call'
	/Users/ben/.rvm/gems/ruby-1.9.2-p180@ag-rack-geo-example/gems/rack-1.2.3/lib/rack/commonlogger.rb:18:in `call'
	/Users/ben/.rvm/gems/ruby-1.9.2-p180@ag-rack-geo-example/gems/rack-1.2.3/lib/rack/content_length.rb:13:in `call'
	/Users/ben/.rvm/gems/ruby-1.9.2-p180@ag-rack-geo-example/gems/rack-1.2.3/lib/rack/handler/webrick.rb:52:in `service'
	/Users/ben/.rvm/rubies/ruby-1.9.2-p180/lib/ruby/1.9.1/webrick/httpserver.rb:111:in `service'
	/Users/ben/.rvm/rubies/ruby-1.9.2-p180/lib/ruby/1.9.1/webrick/httpserver.rb:70:in `run'
	/Users/ben/.rvm/rubies/ruby-1.9.2-p180/lib/ruby/1.9.1/webrick/server.rb:183:in `block in start_thread'
127.0.0.1 - - [08/Aug/2011 12:12:21] "GET / HTTP/1.1" 500 42118 0.0083
NameError: uninitialized constant Rack::Geo::Geogov
	/Users/ben/alphagov/rack-geo/lib/rack/geo.rb:116:in `extract_geo_info'
	/Users/ben/alphagov/rack-geo/lib/rack/geo.rb:73:in `process_geo_params'
	/Users/ben/alphagov/rack-geo/lib/rack/geo.rb:34:in `call'
	/Users/ben/.rvm/gems/ruby-1.9.2-p180@ag-rack-geo-example/gems/rack-1.2.3/lib/rack/lint.rb:48:in `_call'
	/Users/ben/.rvm/gems/ruby-1.9.2-p180@ag-rack-geo-example/gems/rack-1.2.3/lib/rack/lint.rb:36:in `call'
	/Users/ben/.rvm/gems/ruby-1.9.2-p180@ag-rack-geo-example/gems/rack-1.2.3/lib/rack/showexceptions.rb:24:in `call'
	/Users/ben/.rvm/gems/ruby-1.9.2-p180@ag-rack-geo-example/gems/rack-1.2.3/lib/rack/commonlogger.rb:18:in `call'
	/Users/ben/.rvm/gems/ruby-1.9.2-p180@ag-rack-geo-example/gems/rack-1.2.3/lib/rack/content_length.rb:13:in `call'
	/Users/ben/.rvm/gems/ruby-1.9.2-p180@ag-rack-geo-example/gems/rack-1.2.3/lib/rack/handler/webrick.rb:52:in `service'
	/Users/ben/.rvm/rubies/ruby-1.9.2-p180/lib/ruby/1.9.1/webrick/httpserver.rb:111:in `service'
	/Users/ben/.rvm/rubies/ruby-1.9.2-p180/lib/ruby/1.9.1/webrick/httpserver.rb:70:in `run'
	/Users/ben/.rvm/rubies/ruby-1.9.2-p180/lib/ruby/1.9.1/webrick/server.rb:183:in `block in start_thread'
127.0.0.1 - - [08/Aug/2011 12:12:21] "GET /favicon.ico HTTP/1.1" 500 41976 0.0087
NameError: uninitialized constant Rack::Geo::Geogov
	/Users/ben/alphagov/rack-geo/lib/rack/geo.rb:116:in `extract_geo_info'
	/Users/ben/alphagov/rack-geo/lib/rack/geo.rb:73:in `process_geo_params'
	/Users/ben/alphagov/rack-geo/lib/rack/geo.rb:34:in `call'
	/Users/ben/.rvm/gems/ruby-1.9.2-p180@ag-rack-geo-example/gems/rack-1.2.3/lib/rack/lint.rb:48:in `_call'
	/Users/ben/.rvm/gems/ruby-1.9.2-p180@ag-rack-geo-example/gems/rack-1.2.3/lib/rack/lint.rb:36:in `call'
	/Users/ben/.rvm/gems/ruby-1.9.2-p180@ag-rack-geo-example/gems/rack-1.2.3/lib/rack/showexceptions.rb:24:in `call'
	/Users/ben/.rvm/gems/ruby-1.9.2-p180@ag-rack-geo-example/gems/rack-1.2.3/lib/rack/commonlogger.rb:18:in `call'
	/Users/ben/.rvm/gems/ruby-1.9.2-p180@ag-rack-geo-example/gems/rack-1.2.3/lib/rack/content_length.rb:13:in `call'
	/Users/ben/.rvm/gems/ruby-1.9.2-p180@ag-rack-geo-example/gems/rack-1.2.3/lib/rack/handler/webrick.rb:52:in `service'
	/Users/ben/.rvm/rubies/ruby-1.9.2-p180/lib/ruby/1.9.1/webrick/httpserver.rb:111:in `service'
	/Users/ben/.rvm/rubies/ruby-1.9.2-p180/lib/ruby/1.9.1/webrick/httpserver.rb:70:in `run'
	/Users/ben/.rvm/rubies/ruby-1.9.2-p180/lib/ruby/1.9.1/webrick/server.rb:183:in `block in start_thread'
127.0.0.1 - - [08/Aug/2011 12:12:21] "GET / HTTP/1.1" 500 42118 0.0088
NameError: uninitialized constant Rack::Geo::Geogov
	/Users/ben/alphagov/rack-geo/lib/rack/geo.rb:116:in `extract_geo_info'
	/Users/ben/alphagov/rack-geo/lib/rack/geo.rb:73:in `process_geo_params'
	/Users/ben/alphagov/rack-geo/lib/rack/geo.rb:34:in `call'
	/Users/ben/.rvm/gems/ruby-1.9.2-p180@ag-rack-geo-example/gems/rack-1.2.3/lib/rack/lint.rb:48:in `_call'
	/Users/ben/.rvm/gems/ruby-1.9.2-p180@ag-rack-geo-example/gems/rack-1.2.3/lib/rack/lint.rb:36:in `call'
	/Users/ben/.rvm/gems/ruby-1.9.2-p180@ag-rack-geo-example/gems/rack-1.2.3/lib/rack/showexceptions.rb:24:in `call'
	/Users/ben/.rvm/gems/ruby-1.9.2-p180@ag-rack-geo-example/gems/rack-1.2.3/lib/rack/commonlogger.rb:18:in `call'
	/Users/ben/.rvm/gems/ruby-1.9.2-p180@ag-rack-geo-example/gems/rack-1.2.3/lib/rack/content_length.rb:13:in `call'
	/Users/ben/.rvm/gems/ruby-1.9.2-p180@ag-rack-geo-example/gems/rack-1.2.3/lib/rack/handler/webrick.rb:52:in `service'
	/Users/ben/.rvm/rubies/ruby-1.9.2-p180/lib/ruby/1.9.1/webrick/httpserver.rb:111:in `service'
	/Users/ben/.rvm/rubies/ruby-1.9.2-p180/lib/ruby/1.9.1/webrick/httpserver.rb:70:in `run'
	/Users/ben/.rvm/rubies/ruby-1.9.2-p180/lib/ruby/1.9.1/webrick/server.rb:183:in `block in start_thread'
127.0.0.1 - - [08/Aug/2011 12:12:22] "GET /favicon.ico HTTP/1.1" 500 41976 0.0091
[2011-08-08 12:12:49] INFO  going to shutdown ...
[2011-08-08 12:12:49] INFO  WEBrick::HTTPServer#start done.
[2011-08-08 12:12:50] INFO  WEBrick 1.3.1
[2011-08-08 12:12:50] INFO  ruby 1.9.2 (2011-02-18) [x86_64-darwin10.6.0]
[2011-08-08 12:12:50] INFO  WEBrick::HTTPServer#start: pid=57416 port=9292
127.0.0.1 - - [08/Aug/2011 12:12:55] "GET / HTTP/1.1" 200 14 0.0014
127.0.0.1 - - [08/Aug/2011 12:12:55] "GET / HTTP/1.1" 200 14 0.7288
127.0.0.1 - - [08/Aug/2011 12:12:55] "GET /favicon.ico HTTP/1.1" 404 447 0.0007
127.0.0.1 - - [08/Aug/2011 12:12:55] "GET /favicon.ico HTTP/1.1" 404 447 0.2986
127.0.0.1 - - [08/Aug/2011 12:12:57] "GET / HTTP/1.1" 200 14 0.0005
127.0.0.1 - - [08/Aug/2011 12:12:57] "GET / HTTP/1.1" 200 14 0.3094
127.0.0.1 - - [08/Aug/2011 12:12:57] "GET /favicon.ico HTTP/1.1" 404 447 0.0007
127.0.0.1 - - [08/Aug/2011 12:12:57] "GET /favicon.ico HTTP/1.1" 404 447 0.4110
127.0.0.1 - - [08/Aug/2011 12:12:58] "GET / HTTP/1.1" 200 14 0.0004
127.0.0.1 - - [08/Aug/2011 12:12:58] "GET / HTTP/1.1" 200 14 0.4127
127.0.0.1 - - [08/Aug/2011 12:12:58] "GET /favicon.ico HTTP/1.1" 404 447 0.0007
127.0.0.1 - - [08/Aug/2011 12:12:58] "GET /favicon.ico HTTP/1.1" 404 447 0.3010
NoMethodError: undefined method `dirname' for Rack::File:Class
	/Users/ben/alphagov/rack-geo/lib/rack/geo.rb:31:in `call'
	/Users/ben/.rvm/gems/ruby-1.9.2-p180@ag-rack-geo-example/gems/rack-1.2.3/lib/rack/lint.rb:48:in `_call'
	/Users/ben/.rvm/gems/ruby-1.9.2-p180@ag-rack-geo-example/gems/rack-1.2.3/lib/rack/lint.rb:36:in `call'
	/Users/ben/.rvm/gems/ruby-1.9.2-p180@ag-rack-geo-example/gems/rack-1.2.3/lib/rack/showexceptions.rb:24:in `call'
	/Users/ben/.rvm/gems/ruby-1.9.2-p180@ag-rack-geo-example/gems/rack-1.2.3/lib/rack/commonlogger.rb:18:in `call'
	/Users/ben/.rvm/gems/ruby-1.9.2-p180@ag-rack-geo-example/gems/rack-1.2.3/lib/rack/content_length.rb:13:in `call'
	/Users/ben/.rvm/gems/ruby-1.9.2-p180@ag-rack-geo-example/gems/rack-1.2.3/lib/rack/handler/webrick.rb:52:in `service'
	/Users/ben/.rvm/rubies/ruby-1.9.2-p180/lib/ruby/1.9.1/webrick/httpserver.rb:111:in `service'
	/Users/ben/.rvm/rubies/ruby-1.9.2-p180/lib/ruby/1.9.1/webrick/httpserver.rb:70:in `run'
	/Users/ben/.rvm/rubies/ruby-1.9.2-p180/lib/ruby/1.9.1/webrick/server.rb:183:in `block in start_thread'
127.0.0.1 - - [08/Aug/2011 12:13:06] "GET /javascripts/geo.js HTTP/1.1" 500 37149 0.0123
127.0.0.1 - - [08/Aug/2011 12:13:06] "GET /favicon.ico HTTP/1.1" 404 447 0.0007
127.0.0.1 - - [08/Aug/2011 12:13:06] "GET /favicon.ico HTTP/1.1" 404 447 0.2758
[2011-08-08 12:13:45] INFO  going to shutdown ...
[2011-08-08 12:13:45] INFO  WEBrick::HTTPServer#start done.
[2011-08-08 12:13:46] INFO  WEBrick 1.3.1
[2011-08-08 12:13:46] INFO  ruby 1.9.2 (2011-02-18) [x86_64-darwin10.6.0]
[2011-08-08 12:13:46] INFO  WEBrick::HTTPServer#start: pid=57436 port=9292
127.0.0.1 - - [08/Aug/2011 12:13:51] "GET /javascripts/geo.js HTTP/1.1" 404 36 0.0032
127.0.0.1 - - [08/Aug/2011 12:13:52] "GET /favicon.ico HTTP/1.1" 404 447 0.0005
127.0.0.1 - - [08/Aug/2011 12:13:52] "GET /favicon.ico HTTP/1.1" 404 447 0.2585
127.0.0.1 - - [08/Aug/2011 12:13:53] "GET /javascripts/geo.js HTTP/1.1" 404 36 0.0006
127.0.0.1 - - [08/Aug/2011 12:13:53] "GET /favicon.ico HTTP/1.1" 404 447 0.0006
127.0.0.1 - - [08/Aug/2011 12:13:53] "GET /favicon.ico HTTP/1.1" 404 447 0.2645
127.0.0.1 - - [08/Aug/2011 12:13:53] "GET /javascripts/geo.js HTTP/1.1" 404 36 0.0006
127.0.0.1 - - [08/Aug/2011 12:13:54] "GET /favicon.ico HTTP/1.1" 404 447 0.0006
127.0.0.1 - - [08/Aug/2011 12:13:54] "GET /favicon.ico HTTP/1.1" 404 447 0.2590
127.0.0.1 - - [08/Aug/2011 12:13:54] "GET /javascripts/geo.js HTTP/1.1" 404 36 0.0007
127.0.0.1 - - [08/Aug/2011 12:13:54] "GET /javascripts/geo.js HTTP/1.1" 404 36 0.0005
127.0.0.1 - - [08/Aug/2011 12:13:55] "GET /favicon.ico HTTP/1.1" 404 447 0.0004
127.0.0.1 - - [08/Aug/2011 12:13:55] "GET /favicon.ico HTTP/1.1" 404 447 0.2461
127.0.0.1 - - [08/Aug/2011 12:13:55] "GET /favicon.ico HTTP/1.1" 404 447 0.0007
127.0.0.1 - - [08/Aug/2011 12:13:55] "GET /favicon.ico HTTP/1.1" 404 447 0.4968
127.0.0.1 - - [08/Aug/2011 12:14:12] "GET /javascripts/geo.js HTTP/1.1" 200 6 0.0006
127.0.0.1 - - [08/Aug/2011 12:14:12] "GET /javascripts/geo.js HTTP/1.1" 200 6 0.0005
127.0.0.1 - - [08/Aug/2011 12:14:13] "GET /javascripts/geo.js HTTP/1.1" 200 6 0.0006
127.0.0.1 - - [08/Aug/2011 12:14:13] "GET /javascripts/geo.js HTTP/1.1" 200 6 0.0006
127.0.0.1 - - [08/Aug/2011 12:14:15] "GET /favicon.ico HTTP/1.1" 404 447 0.0006
127.0.0.1 - - [08/Aug/2011 12:14:15] "GET /favicon.ico HTTP/1.1" 404 447 2.9009
127.0.0.1 - - [08/Aug/2011 12:14:15] "GET /favicon.ico HTTP/1.1" 404 447 0.0005
127.0.0.1 - - [08/Aug/2011 12:14:15] "GET /favicon.ico HTTP/1.1" 404 447 0.4966
127.0.0.1 - - [08/Aug/2011 12:14:16] "GET /favicon.ico HTTP/1.1" 404 447 0.0006
127.0.0.1 - - [08/Aug/2011 12:14:16] "GET /favicon.ico HTTP/1.1" 404 447 0.7587
127.0.0.1 - - [08/Aug/2011 12:14:17] "GET /favicon.ico HTTP/1.1" 404 447 0.0006
127.0.0.1 - - [08/Aug/2011 12:14:17] "GET /favicon.ico HTTP/1.1" 404 447 0.5692
127.0.0.1 - - [08/Aug/2011 14:50:32] "GET / HTTP/1.1" 200 14 0.0005
127.0.0.1 - - [08/Aug/2011 14:50:32] "GET / HTTP/1.1" 200 14 0.7433
127.0.0.1 - - [08/Aug/2011 14:50:33] "GET /favicon.ico HTTP/1.1" 404 447 0.0005
127.0.0.1 - - [08/Aug/2011 14:50:33] "GET /favicon.ico HTTP/1.1" 404 447 0.2580
127.0.0.1 - - [08/Aug/2011 14:50:35] "GET / HTTP/1.1" 200 14 0.0005
127.0.0.1 - - [08/Aug/2011 14:50:35] "GET / HTTP/1.1" 200 14 0.2765
127.0.0.1 - - [08/Aug/2011 14:50:35] "GET /favicon.ico HTTP/1.1" 404 447 0.0006
127.0.0.1 - - [08/Aug/2011 14:50:35] "GET /favicon.ico HTTP/1.1" 404 447 0.3265
[2011-08-08 14:50:38] INFO  going to shutdown ...
[2011-08-08 14:50:38] INFO  WEBrick::HTTPServer#start done.
[2011-08-08 14:50:42] INFO  WEBrick 1.3.1
[2011-08-08 14:50:42] INFO  ruby 1.9.2 (2011-02-18) [x86_64-darwin10.6.0]
[2011-08-08 14:50:42] INFO  WEBrick::HTTPServer#start: pid=59772 port=9292
127.0.0.1 - - [08/Aug/2011 14:50:47] "GET / HTTP/1.1" 200 117 0.0028
127.0.0.1 - - [08/Aug/2011 14:50:47] "GET / HTTP/1.1" 200 117 0.2693
127.0.0.1 - - [08/Aug/2011 14:50:47] "GET /javascripts/geo.js HTTP/1.1" 200 12676 0.0027
127.0.0.1 - - [08/Aug/2011 14:50:47] "GET /favicon.ico HTTP/1.1" 404 447 0.0006
127.0.0.1 - - [08/Aug/2011 14:50:47] "GET /favicon.ico HTTP/1.1" 404 447 0.2454
127.0.0.1 - - [08/Aug/2011 14:50:52] "GET / HTTP/1.1" 200 117 0.0013
127.0.0.1 - - [08/Aug/2011 14:50:52] "GET / HTTP/1.1" 200 117 0.2645
127.0.0.1 - - [08/Aug/2011 14:50:52] "GET /favicon.ico HTTP/1.1" 404 447 0.0005
127.0.0.1 - - [08/Aug/2011 14:50:52] "GET /favicon.ico HTTP/1.1" 404 447 0.4553
127.0.0.1 - - [08/Aug/2011 14:53:55] "GET / HTTP/1.1" 200 1216 0.0012
127.0.0.1 - - [08/Aug/2011 14:53:55] "GET / HTTP/1.1" 200 1216 0.2468
127.0.0.1 - - [08/Aug/2011 14:53:55] "GET /javascripts/geo.js HTTP/1.1" 200 12676 0.0006
127.0.0.1 - - [08/Aug/2011 14:53:55] "GET /favicon.ico HTTP/1.1" 404 447 0.0006
127.0.0.1 - - [08/Aug/2011 14:53:55] "GET /favicon.ico HTTP/1.1" 404 447 0.2471
127.0.0.1 - - [08/Aug/2011 14:53:58] "GET /favicon.ico HTTP/1.1" 404 447 0.0006
127.0.0.1 - - [08/Aug/2011 14:53:58] "GET /favicon.ico HTTP/1.1" 404 447 0.2481
127.0.0.1 - - [08/Aug/2011 14:54:00] "GET /favicon.ico HTTP/1.1" 404 447 0.0004
127.0.0.1 - - [08/Aug/2011 14:54:00] "GET /favicon.ico HTTP/1.1" 404 447 0.2534
127.0.0.1 - - [08/Aug/2011 14:54:01] "GET /favicon.ico HTTP/1.1" 404 447 0.0005
127.0.0.1 - - [08/Aug/2011 14:54:01] "GET /favicon.ico HTTP/1.1" 404 447 0.2494
127.0.0.1 - - [08/Aug/2011 14:54:02] "GET /favicon.ico HTTP/1.1" 404 447 0.0007
127.0.0.1 - - [08/Aug/2011 14:54:02] "GET /favicon.ico HTTP/1.1" 404 447 0.4385
127.0.0.1 - - [08/Aug/2011 14:54:06] "GET /favicon.ico HTTP/1.1" 404 447 0.0004
127.0.0.1 - - [08/Aug/2011 14:54:06] "GET /favicon.ico HTTP/1.1" 404 447 0.2665
127.0.0.1 - - [08/Aug/2011 14:54:07] "GET /favicon.ico HTTP/1.1" 404 447 0.0005
127.0.0.1 - - [08/Aug/2011 14:54:07] "GET /favicon.ico HTTP/1.1" 404 447 0.2707
[2011-08-08 14:56:49] INFO  going to shutdown ...
[2011-08-08 14:56:49] INFO  WEBrick::HTTPServer#start done.
[2011-08-08 14:56:50] INFO  WEBrick 1.3.1
[2011-08-08 14:56:50] INFO  ruby 1.9.2 (2011-02-18) [x86_64-darwin10.6.0]
[2011-08-08 14:56:50] INFO  WEBrick::HTTPServer#start: pid=59861 port=9292
127.0.0.1 - - [08/Aug/2011 14:56:55] "GET / HTTP/1.1" 200 1401 0.0027
127.0.0.1 - - [08/Aug/2011 14:56:55] "GET / HTTP/1.1" 200 1401 0.2521
127.0.0.1 - - [08/Aug/2011 14:56:55] "GET /javascripts/geo.js HTTP/1.1" 200 12676 0.0022
127.0.0.1 - - [08/Aug/2011 14:57:01] "GET /favicon.ico HTTP/1.1" 404 447 0.0007
127.0.0.1 - - [08/Aug/2011 14:57:01] "GET /favicon.ico HTTP/1.1" 404 447 0.2606
127.0.0.1 - - [08/Aug/2011 14:57:06] "GET / HTTP/1.1" 200 1401 0.0015
127.0.0.1 - - [08/Aug/2011 14:57:06] "GET / HTTP/1.1" 200 1401 0.2764
127.0.0.1 - - [08/Aug/2011 14:57:07] "GET /favicon.ico HTTP/1.1" 404 447 0.0005
127.0.0.1 - - [08/Aug/2011 14:57:07] "GET /favicon.ico HTTP/1.1" 404 447 0.4769
127.0.0.1 - - [08/Aug/2011 14:57:22] "GET / HTTP/1.1" 200 1410 0.0013
127.0.0.1 - - [08/Aug/2011 14:57:22] "GET / HTTP/1.1" 200 1410 0.2569
127.0.0.1 - - [08/Aug/2011 14:57:23] "GET /favicon.ico HTTP/1.1" 404 447 0.0006
127.0.0.1 - - [08/Aug/2011 14:57:23] "GET /favicon.ico HTTP/1.1" 404 447 0.4766
127.0.0.1 - - [08/Aug/2011 14:57:24] "GET / HTTP/1.1" 200 1410 0.0015
127.0.0.1 - - [08/Aug/2011 14:57:24] "GET / HTTP/1.1" 200 1410 0.2475
127.0.0.1 - - [08/Aug/2011 14:57:24] "GET /javascripts/geo.js HTTP/1.1" 200 12676 0.0005
127.0.0.1 - - [08/Aug/2011 14:57:25] "GET /favicon.ico HTTP/1.1" 404 447 0.0005
127.0.0.1 - - [08/Aug/2011 14:57:25] "GET /favicon.ico HTTP/1.1" 404 447 0.2459
127.0.0.1 - - [08/Aug/2011 14:57:26] "GET /favicon.ico HTTP/1.1" 404 447 0.0006
127.0.0.1 - - [08/Aug/2011 14:57:26] "GET /favicon.ico HTTP/1.1" 404 447 0.2540
127.0.0.1 - - [08/Aug/2011 14:57:27] "GET /favicon.ico HTTP/1.1" 404 447 0.0006
127.0.0.1 - - [08/Aug/2011 14:57:27] "GET /favicon.ico HTTP/1.1" 404 447 0.2473
127.0.0.1 - - [08/Aug/2011 14:57:28] "GET /favicon.ico HTTP/1.1" 404 447 0.0005
127.0.0.1 - - [08/Aug/2011 14:57:28] "GET /favicon.ico HTTP/1.1" 404 447 0.2534
127.0.0.1 - - [08/Aug/2011 14:57:29] "GET /favicon.ico HTTP/1.1" 404 447 0.0006
127.0.0.1 - - [08/Aug/2011 14:57:29] "GET /favicon.ico HTTP/1.1" 404 447 0.2624
127.0.0.1 - - [08/Aug/2011 14:57:30] "GET /favicon.ico HTTP/1.1" 404 447 0.0006
127.0.0.1 - - [08/Aug/2011 14:57:30] "GET /favicon.ico HTTP/1.1" 404 447 0.2561
127.0.0.1 - - [08/Aug/2011 14:57:31] "GET /favicon.ico HTTP/1.1" 404 447 0.0007
127.0.0.1 - - [08/Aug/2011 14:57:31] "GET /favicon.ico HTTP/1.1" 404 447 0.2509
127.0.0.1 - - [08/Aug/2011 14:57:32] "GET /favicon.ico HTTP/1.1" 404 447 0.0007
127.0.0.1 - - [08/Aug/2011 14:57:32] "GET /favicon.ico HTTP/1.1" 404 447 0.2467
127.0.0.1 - - [08/Aug/2011 14:57:33] "GET /favicon.ico HTTP/1.1" 404 447 0.0005
127.0.0.1 - - [08/Aug/2011 14:57:33] "GET /favicon.ico HTTP/1.1" 404 447 0.2473
127.0.0.1 - - [08/Aug/2011 14:57:34] "GET /favicon.ico HTTP/1.1" 404 447 0.0004
127.0.0.1 - - [08/Aug/2011 14:57:34] "GET /favicon.ico HTTP/1.1" 404 447 0.2711
127.0.0.1 - - [08/Aug/2011 14:57:35] "GET /favicon.ico HTTP/1.1" 404 447 0.0006
127.0.0.1 - - [08/Aug/2011 14:57:35] "GET /favicon.ico HTTP/1.1" 404 447 0.2549
127.0.0.1 - - [08/Aug/2011 14:57:36] "GET /favicon.ico HTTP/1.1" 404 447 0.0008
127.0.0.1 - - [08/Aug/2011 14:57:36] "GET /favicon.ico HTTP/1.1" 404 447 0.2610
127.0.0.1 - - [08/Aug/2011 14:57:55] "GET / HTTP/1.1" 200 1410 0.0012
127.0.0.1 - - [08/Aug/2011 14:57:55] "GET / HTTP/1.1" 200 1410 0.2617
127.0.0.1 - - [08/Aug/2011 14:57:55] "GET /javascripts/geo.js HTTP/1.1" 200 12676 0.0019
127.0.0.1 - - [08/Aug/2011 14:57:56] "GET /favicon.ico HTTP/1.1" 404 447 0.0005
127.0.0.1 - - [08/Aug/2011 14:57:56] "GET /favicon.ico HTTP/1.1" 404 447 0.2515
127.0.0.1 - - [08/Aug/2011 15:07:41] "GET / HTTP/1.1" 200 7592 0.0052
127.0.0.1 - - [08/Aug/2011 15:07:41] "GET / HTTP/1.1" 200 7592 0.7688
127.0.0.1 - - [08/Aug/2011 15:07:41] "GET /javascripts/geo.js HTTP/1.1" 200 8783 0.0005
127.0.0.1 - - [08/Aug/2011 15:07:42] "GET /favicon.ico HTTP/1.1" 404 447 0.0006
127.0.0.1 - - [08/Aug/2011 15:07:42] "GET /favicon.ico HTTP/1.1" 404 447 0.2452
127.0.0.1 - - [08/Aug/2011 15:07:53] "POST /locator.json HTTP/1.1" 200 388 2.1711
127.0.0.1 - - [08/Aug/2011 15:08:08] "POST /locator.json HTTP/1.1" 200 154 0.8201
127.0.0.1 - - [08/Aug/2011 15:08:21] "POST /locator.json HTTP/1.1" 200 388 0.2569
127.0.0.1 - - [08/Aug/2011 15:08:33] "POST /locator.json HTTP/1.1" 200 359 2.6091
127.0.0.1 - - [08/Aug/2011 15:08:43] "POST /locator.json HTTP/1.1" 200 378 0.9553
127.0.0.1 - - [08/Aug/2011 15:25:15] "GET / HTTP/1.1" 200 7592 0.0051
127.0.0.1 - - [08/Aug/2011 15:25:15] "GET / HTTP/1.1" 200 7592 0.6546
127.0.0.1 - - [08/Aug/2011 15:25:15] "GET /javascripts/geo.js HTTP/1.1" 200 8783 0.0013
127.0.0.1 - - [08/Aug/2011 15:25:16] "GET /favicon.ico HTTP/1.1" 404 447 0.0004
127.0.0.1 - - [08/Aug/2011 15:25:16] "GET /favicon.ico HTTP/1.1" 404 447 0.2537
127.0.0.1 - - [08/Aug/2011 15:25:22] "POST /locator.json HTTP/1.1" 200 388 0.4495
127.0.0.1 - - [08/Aug/2011 15:25:37] "POST /locator.json HTTP/1.1" 200 388 0.2482
127.0.0.1 - - [08/Aug/2011 15:25:48] "POST /locator.json HTTP/1.1" 200 388 0.2494
127.0.0.1 - - [08/Aug/2011 15:25:59] "POST /locator.json HTTP/1.1" 200 359 0.2543
127.0.0.1 - - [08/Aug/2011 15:35:20] "POST /locator.json HTTP/1.1" 200 359 0.2498
127.0.0.1 - - [08/Aug/2011 16:11:24] "GET / HTTP/1.1" 200 6050 0.0039
127.0.0.1 - - [08/Aug/2011 16:11:24] "GET / HTTP/1.1" 200 6050 2.3383
127.0.0.1 - - [08/Aug/2011 16:11:24] "GET /javascripts/geo.js HTTP/1.1" 200 8783 0.0012
127.0.0.1 - - [08/Aug/2011 16:11:32] "GET /favicon.ico HTTP/1.1" 404 447 0.0005
127.0.0.1 - - [08/Aug/2011 16:11:32] "GET /favicon.ico HTTP/1.1" 404 447 0.2476
127.0.0.1 - - [08/Aug/2011 16:11:45] "POST /locator.json HTTP/1.1" 200 388 3.6548
127.0.0.1 - - [08/Aug/2011 16:11:48] "GET / HTTP/1.1" 200 6050 0.0046
127.0.0.1 - - [08/Aug/2011 16:11:48] "GET / HTTP/1.1" 200 6050 0.2518
127.0.0.1 - - [08/Aug/2011 16:11:48] "GET /javascripts/geo.js HTTP/1.1" 200 8783 0.0005
127.0.0.1 - - [08/Aug/2011 16:11:49] "GET /favicon.ico HTTP/1.1" 404 447 0.0006
127.0.0.1 - - [08/Aug/2011 16:11:49] "GET /favicon.ico HTTP/1.1" 404 447 0.2474
127.0.0.1 - - [08/Aug/2011 16:15:54] "GET / HTTP/1.1" 200 5993 0.0044
127.0.0.1 - - [08/Aug/2011 16:15:54] "GET / HTTP/1.1" 200 5993 0.4980
127.0.0.1 - - [08/Aug/2011 16:15:54] "GET /javascripts/geo.js HTTP/1.1" 200 8783 0.0005
127.0.0.1 - - [08/Aug/2011 16:15:55] "GET /favicon.ico HTTP/1.1" 404 447 0.0004
127.0.0.1 - - [08/Aug/2011 16:15:55] "GET /favicon.ico HTTP/1.1" 404 447 0.2955
127.0.0.1 - - [08/Aug/2011 16:16:02] "POST /locator.json HTTP/1.1" 200 388 0.5015
127.0.0.1 - - [08/Aug/2011 16:16:12] "POST /locator.json HTTP/1.1" 200 388 0.2939
127.0.0.1 - - [08/Aug/2011 16:16:46] "GET / HTTP/1.1" 200 6000 0.0159
127.0.0.1 - - [08/Aug/2011 16:16:46] "GET / HTTP/1.1" 200 6000 0.2682
127.0.0.1 - - [08/Aug/2011 16:16:46] "GET /javascripts/geo.js HTTP/1.1" 200 8783 0.0005
127.0.0.1 - - [08/Aug/2011 16:16:52] "GET /favicon.ico HTTP/1.1" 404 447 0.0004
127.0.0.1 - - [08/Aug/2011 16:16:52] "GET /favicon.ico HTTP/1.1" 404 447 0.2612
127.0.0.1 - - [08/Aug/2011 16:17:35] "GET / HTTP/1.1" 200 6050 0.0043
127.0.0.1 - - [08/Aug/2011 16:17:35] "GET / HTTP/1.1" 200 6050 0.3937
127.0.0.1 - - [08/Aug/2011 16:17:35] "GET /javascripts/geo.js HTTP/1.1" 200 8783 0.0006
127.0.0.1 - - [08/Aug/2011 16:17:35] "GET /favicon.ico HTTP/1.1" 404 447 0.0006
127.0.0.1 - - [08/Aug/2011 16:17:35] "GET /favicon.ico HTTP/1.1" 404 447 0.4732
127.0.0.1 - - [08/Aug/2011 16:17:40] "POST /locator.json HTTP/1.1" 200 388 0.3004
127.0.0.1 - - [08/Aug/2011 16:18:19] "GET / HTTP/1.1" 200 5973 0.0041
127.0.0.1 - - [08/Aug/2011 16:18:19] "GET / HTTP/1.1" 200 5973 0.2464
127.0.0.1 - - [08/Aug/2011 16:18:19] "GET /javascripts/geo.js HTTP/1.1" 200 8783 0.0005
127.0.0.1 - - [08/Aug/2011 16:18:20] "GET /favicon.ico HTTP/1.1" 404 447 0.0006
127.0.0.1 - - [08/Aug/2011 16:18:20] "GET /favicon.ico HTTP/1.1" 404 447 0.4245
127.0.0.1 - - [08/Aug/2011 16:18:25] "POST /locator.json HTTP/1.1" 200 388 0.2471
127.0.0.1 - - [08/Aug/2011 16:18:33] "POST /locator.json HTTP/1.1" 200 359 0.6336
127.0.0.1 - - [08/Aug/2011 16:18:38] "GET / HTTP/1.1" 200 5973 0.0044
